{"level":"error","message":"Error registering user: fetch is not a function","timestamp":"2024-05-31T11:11:04.017Z"}
{"level":"error","message":"Error registering user: fetch is not a function","timestamp":"2024-05-31T11:11:29.293Z"}
{"level":"error","message":"Error in /signup route: fetch is not a function","timestamp":"2024-05-31T11:17:09.948Z"}
{"level":"error","message":"Error in /signup route: fetch is not a function","timestamp":"2024-05-31T11:18:10.557Z"}
{"level":"error","message":"Error in /signup route: fetch is not a function","timestamp":"2024-05-31T11:22:59.283Z"}
{"level":"error","message":"Error in /signup route: fetch is not a function","timestamp":"2024-05-31T11:24:22.778Z"}
{"level":"error","message":"Error in /signup route: fetch is not a function","timestamp":"2024-05-31T11:28:17.534Z"}
{"level":"error","message":"Error in /signup route: fetch is not a function","timestamp":"2024-05-31T11:28:47.639Z"}
{"level":"error","message":"Error in /signup route: fetch is not a function","timestamp":"2024-05-31T11:29:53.963Z"}
{"level":"error","message":"Error in /signup route: fetch is not a function","timestamp":"2024-05-31T11:31:48.078Z"}
{"level":"error","message":"Error in /signup route: fetch is not a function","timestamp":"2024-05-31T11:33:53.388Z"}
{"level":"error","message":"Error in /signup route: fetch is not a function","timestamp":"2024-05-31T11:36:20.947Z"}
{"level":"error","message":"Error in /signup route: Unexpected end of JSON input","timestamp":"2024-05-31T15:53:04.518Z"}
{"level":"error","message":"Error in /signup route: Unexpected end of JSON input","timestamp":"2024-05-31T16:02:11.448Z"}
{"level":"error","message":"Error in /signup route: Unexpected end of JSON input","timestamp":"2024-05-31T16:08:29.339Z"}
{"level":"error","message":"Error in /signup route: Unexpected end of JSON input","timestamp":"2024-05-31T16:15:46.420Z"}
{"level":"error","message":"Error in /signup route: Unexpected end of JSON input","timestamp":"2024-05-31T16:16:00.959Z"}
{"level":"error","message":"Error in /signup route: Unexpected end of JSON input","timestamp":"2024-05-31T16:21:19.905Z"}
{"level":"error","message":"Error in /signup route: Unexpected end of JSON input","timestamp":"2024-05-31T16:21:57.956Z"}
{"level":"error","message":"Error in /signup route: Request with GET/HEAD method cannot have body","timestamp":"2024-05-31T16:23:07.992Z"}
{"level":"error","message":"Error in /signup route: Request with GET/HEAD method cannot have body","timestamp":"2024-05-31T16:27:28.762Z"}
{"level":"error","message":"Error in /signup route: Unexpected end of JSON input","timestamp":"2024-05-31T16:28:19.373Z"}
{"level":"error","message":"Error in /signup route: Unexpected end of JSON input","timestamp":"2024-05-31T16:52:08.300Z"}
{"level":"error","message":"Error in /signup route: Unexpected end of JSON input","timestamp":"2024-06-01T02:47:15.504Z"}
{"level":"error","message":"Error in /signup route: Unexpected token o in JSON at position 1","timestamp":"2024-06-01T02:57:38.193Z"}
{"level":"error","message":"Error in /signup route: Unexpected end of JSON input","timestamp":"2024-06-01T03:02:25.745Z"}
{"level":"error","message":"Error in /signup route: apiResponse is not defined","timestamp":"2024-06-01T03:05:56.688Z"}
{"level":"error","message":"Error in /signup route: apiResponse is not defined","timestamp":"2024-06-01T03:11:54.987Z"}
{"level":"error","message":"Error parsing JSON response: Unexpected end of JSON input","stack":"SyntaxError: Unexpected end of JSON input\n    at JSON.parse (<anonymous>)\n    at C:\\laragon\\www\\together-clone\\app.js:91:23\n    at processTicksAndRejections (node:internal/process/task_queues:96:5)","timestamp":"2024-06-01T03:12:54.080Z"}
{"level":"error","message":"Error in /signup route: Unexpected end of input 1 0","timestamp":"2024-06-01T03:52:39.102Z"}
{"level":"error","message":"Error in /signup route: [ReadHuffmanCode] invalid num_codes or space","timestamp":"2024-06-01T04:15:12.294Z"}
{"level":"error","message":"Error in /login route: fetch is not defined","timestamp":"2024-06-03T01:54:24.851Z"}
{"level":"error","message":"Error in /login route: fetch is not defined","timestamp":"2024-06-03T01:55:12.774Z"}
